<?xml version="1.0" encoding="UTF-8"?>
<!-- Generated by org.testng.reporters.JUnitReportReporter -->
<testsuite hostname="BusyBee-PC" name="com.learning.testng.atBeforAfterTest" tests="1" failures="0" timestamp="13 Oct 2019 14:50:43 GMT" time="0.741" errors="0">
  <testcase name="compareTitle" time="0.741" classname="com.learning.testng.atBeforAfterTest"/>
</testsuite> <!-- com.learning.testng.atBeforAfterTest -->
