<?xml version="1.0" encoding="UTF-8"?>
<!-- Generated by org.testng.reporters.JUnitReportReporter -->
<testsuite hostname="BusyBee-PC" name="com.learning.testng.TestNG_Groups" tests="2" failures="0" timestamp="19 Oct 2019 22:03:32 GMT" time="0.010" errors="0">
  <testcase name="alpha" time="0.000" classname="com.learning.testng.TestNG_Groups"/>
  <testcase name="beta" time="0.010" classname="com.learning.testng.TestNG_Groups"/>
</testsuite> <!-- com.learning.testng.TestNG_Groups -->
