<?xml version="1.0" encoding="UTF-8"?>
<!-- Generated by org.testng.reporters.JUnitReportReporter -->
<testsuite hostname="BusyBee-PC" name="com.learning.testng.PriorityTestCases" tests="10" failures="0" timestamp="19 Oct 2019 19:18:55 GMT" time="0.001" errors="0">
  <testcase name="a1_negative" time="0.000" classname="com.learning.testng.PriorityTestCases"/>
  <testcase name="a2" time="0.000" classname="com.learning.testng.PriorityTestCases"/>
  <testcase name="a4" time="0.000" classname="com.learning.testng.PriorityTestCases"/>
  <testcase name="b1" time="0.000" classname="com.learning.testng.PriorityTestCases"/>
  <testcase name="a1" time="0.000" classname="com.learning.testng.PriorityTestCases"/>
  <testcase name="a2a_negative" time="0.000" classname="com.learning.testng.PriorityTestCases"/>
  <testcase name="a2b_negative" time="0.000" classname="com.learning.testng.PriorityTestCases"/>
  <testcase name="ab" time="0.001" classname="com.learning.testng.PriorityTestCases"/>
  <testcase name="c1" time="0.000" classname="com.learning.testng.PriorityTestCases"/>
  <testcase name="aa" time="0.000" classname="com.learning.testng.PriorityTestCases"/>
</testsuite> <!-- com.learning.testng.PriorityTestCases -->
