<?xml version="1.0" encoding="UTF-8"?>
<!-- Generated by org.testng.reporters.JUnitReportReporter -->
<testsuite hostname="BusyBee-PC" name="com.learning.main.TestSuite" tests="1" failures="0" timestamp="9 Aug 2019 20:41:27 GMT" time="0.120" errors="0">
  <testcase name="f" time="0.120" classname="com.learning.main.TestSuite"/>
</testsuite> <!-- com.learning.main.TestSuite -->
