<?xml version="1.0" encoding="UTF-8"?>
<!-- Generated by org.testng.reporters.JUnitReportReporter -->
<testsuite hostname="BusyBee-PC" name="com.selenium.com.selenium.action.NewTest" tests="1" failures="0" timestamp="9 Oct 2019 20:20:16 GMT" time="0.187" errors="0">
  <testcase name="f" time="0.187" classname="com.selenium.com.selenium.action.NewTest"/>
</testsuite> <!-- com.selenium.com.selenium.action.NewTest -->
