<?xml version="1.0" encoding="UTF-8"?>
<!-- Generated by org.testng.reporters.JUnitReportReporter -->
<testsuite hostname="BusyBee-PC" name="com.learning.testng.DataDriven_KeywordDriven_Hybrid" tests="1" failures="0" timestamp="30 Dec 2019 11:02:42 GMT" time="494.401" errors="0">
  <testcase name="exection" time="494.401" classname="com.learning.testng.DataDriven_KeywordDriven_Hybrid"/>
</testsuite> <!-- com.learning.testng.DataDriven_KeywordDriven_Hybrid -->
