<?xml version="1.0" encoding="UTF-8"?>
<!-- Generated by org.testng.reporters.JUnitReportReporter -->
<testsuite hostname="BusyBee-PC" name="com.learning.testng.ParallelExecution" tests="5" failures="0" timestamp="19 Oct 2019 23:19:56 GMT" time="0.155" errors="0">
  <testcase name="executeFifth" time="0.031" classname="com.learning.testng.ParallelExecution"/>
  <testcase name="executeFirst" time="0.031" classname="com.learning.testng.ParallelExecution"/>
  <testcase name="executeSecond" time="0.031" classname="com.learning.testng.ParallelExecution"/>
  <testcase name="executeThird" time="0.031" classname="com.learning.testng.ParallelExecution"/>
  <testcase name="executeFourth" time="0.031" classname="com.learning.testng.ParallelExecution"/>
</testsuite> <!-- com.learning.testng.ParallelExecution -->
