<?xml version="1.0" encoding="UTF-8"?>
<!-- Generated by org.testng.reporters.JUnitReportReporter -->
<testsuite skipped="0" hostname="BusyBee2020" name="parallel_test.FinalReport" tests="1" failures="0" timestamp="31 Jan 2020 01:21:16 GMT" time="0.358" errors="0">
  <testcase name="FinalReport_Generator" time="0.358" classname="parallel_test.FinalReport"/>
</testsuite> <!-- parallel_test.FinalReport -->
