<?xml version="1.0" encoding="UTF-8"?>
<!-- Generated by org.testng.reporters.JUnitReportReporter -->
<testsuite skipped="0" hostname="BusyBee2020" name="parallel_test.TestScript2" tests="1" failures="0" timestamp="31 Jan 2020 01:21:16 GMT" time="218.545" errors="0">
  <testcase name="testExecute" time="218.545" classname="parallel_test.TestScript2"/>
</testsuite> <!-- parallel_test.TestScript2 -->
