<?xml version="1.0" encoding="UTF-8"?>
<!-- Generated by org.testng.reporters.JUnitReportReporter -->
<testsuite skipped="0" hostname="BusyBee2020" name="pages.Registration_Test" tests="1" failures="0" timestamp="30 Jan 2020 19:26:40 GMT" time="172.558" errors="0">
  <testcase name="testExecute" time="172.558" classname="pages.Registration_Test"/>
</testsuite> <!-- pages.Registration_Test -->
