<?xml version="1.0" encoding="UTF-8"?>
<!-- Generated by org.testng.reporters.JUnitReportReporter -->
<testsuite skipped="0" hostname="BusyBee2020" name="pages.UploadDownload_RobotClass" tests="1" failures="0" timestamp="22 Jan 2020 14:23:49 GMT" time="25.298" errors="0">
  <testcase name="upload" time="25.298" classname="pages.UploadDownload_RobotClass"/>
</testsuite> <!-- pages.UploadDownload_RobotClass -->
