<?xml version="1.0" encoding="UTF-8"?>
<!-- Generated by org.testng.reporters.JUnitReportReporter -->
<testsuite skipped="0" hostname="BusyBee2020" name="pages.SeleniumGrid" tests="1" failures="0" timestamp="03 Feb 2020 15:20:53 GMT" time="5.717" errors="0">
  <testcase name="gridSelenium" time="5.717" classname="pages.SeleniumGrid"/>
</testsuite> <!-- pages.SeleniumGrid -->
