<?xml version="1.0" encoding="UTF-8"?>
<!-- Generated by org.testng.reporters.JUnitReportReporter -->
<testsuite skipped="0" hostname="BusyBee2020" name="pages.Login_Test" tests="1" failures="0" timestamp="15 Jan 2020 12:05:57 GMT" time="148.638" errors="0">
  <testcase name="testExecution" time="148.638" classname="pages.Login_Test"/>
</testsuite> <!-- pages.Login_Test -->
