<?xml version="1.0" encoding="UTF-8"?>
<!-- Generated by org.testng.reporters.JUnitReportReporter -->
<testsuite skipped="0" hostname="BusyBee2020" name="parallel_test.FinalReport" tests="1" failures="0" timestamp="02 Mar 2020 08:36:53 GMT" time="0.093" errors="0">
  <testcase name="FinalReport_Generator" time="0.093" classname="parallel_test.FinalReport"/>
</testsuite> <!-- parallel_test.FinalReport -->
