<?xml version="1.0" encoding="UTF-8"?>
<!-- Generated by org.testng.reporters.JUnitReportReporter -->
<testsuite skipped="0" hostname="BusyBee2020" name="pages.MouseClick_RightLeft" tests="1" failures="0" timestamp="25 Jan 2020 02:46:49 GMT" time="39.629" errors="0">
  <testcase name="clickRightLeft" time="39.629" classname="pages.MouseClick_RightLeft"/>
</testsuite> <!-- pages.MouseClick_RightLeft -->
