<?xml version="1.0" encoding="UTF-8"?>
<!-- Generated by org.testng.reporters.JUnitReportReporter -->
<testsuite skipped="0" hostname="BusyBee2020" name="pages.AjaxCall_Handling" tests="1" failures="0" timestamp="04 Feb 2020 17:56:04 GMT" time="138.789" errors="0">
  <testcase name="AjaxCall_test" time="138.789" classname="pages.AjaxCall_Handling"/>
</testsuite> <!-- pages.AjaxCall_Handling -->
