<?xml version="1.0" encoding="UTF-8"?>
<!-- Generated by org.testng.reporters.JUnitReportReporter -->
<testsuite skipped="0" hostname="BusyBee2020" name="pages.ReportTest3" tests="1" failures="0" timestamp="07 Jan 2020 13:02:07 GMT" time="0.059" errors="0">
  <testcase name="f" time="0.059" classname="pages.ReportTest3"/>
</testsuite> <!-- pages.ReportTest3 -->
