<?xml version="1.0" encoding="UTF-8"?>
<!-- Generated by org.testng.reporters.JUnitReportReporter -->
<testsuite skipped="0" hostname="BusyBee2020" name="pages.ReportTest2" tests="1" failures="0" timestamp="07 Jan 2020 13:02:07 GMT" time="0.057" errors="0">
  <testcase name="f" time="0.057" classname="pages.ReportTest2"/>
</testsuite> <!-- pages.ReportTest2 -->
