<?xml version="1.0" encoding="UTF-8"?>
<!-- Generated by org.testng.reporters.JUnitReportReporter -->
<testsuite skipped="0" hostname="BusyBee2020" name="pages.DownloadFile_RobotClass" tests="1" failures="0" timestamp="25 Jan 2020 15:58:02 GMT" time="33.071" errors="0">
  <testcase name="download_RobotClass" time="33.071" classname="pages.DownloadFile_RobotClass"/>
</testsuite> <!-- pages.DownloadFile_RobotClass -->
