<?xml version="1.0" encoding="UTF-8"?>
<!-- Generated by org.testng.reporters.JUnitReportReporter -->
<testsuite skipped="0" hostname="BusyBee2020" name="pages.Scroll_MouseEvent" tests="1" failures="0" timestamp="25 Jan 2020 02:26:34 GMT" time="64.605" errors="0">
  <testcase name="scrollEvent" time="64.605" classname="pages.Scroll_MouseEvent"/>
</testsuite> <!-- pages.Scroll_MouseEvent -->
