<?xml version="1.0" encoding="UTF-8"?>
<!-- Generated by org.testng.reporters.JUnitReportReporter -->
<testsuite skipped="0" hostname="BusyBee2020" name="pages.Login2" tests="1" failures="0" timestamp="14 Jan 2020 20:48:05 GMT" time="247.422" errors="0">
  <testcase name="testExecution" time="247.422" classname="pages.Login2"/>
</testsuite> <!-- pages.Login2 -->
