<?xml version="1.0" encoding="UTF-8"?>
<!-- Generated by org.testng.reporters.JUnitReportReporter -->
<testsuite skipped="0" hostname="BusyBee2020" name="parallel_test.TestScript2" tests="1" failures="0" timestamp="02 Mar 2020 08:36:53 GMT" time="54.671" errors="0">
  <testcase name="testExecute" time="54.671" classname="parallel_test.TestScript2"/>
</testsuite> <!-- parallel_test.TestScript2 -->
