<?xml version="1.0" encoding="UTF-8"?>
<!-- Generated by org.testng.reporters.JUnitReportReporter -->
<testsuite skipped="0" hostname="BusyBee2020" name="pages.wait_Time" tests="1" failures="0" timestamp="04 Feb 2020 19:17:30 GMT" time="15.444" errors="0">
  <testcase name="selenium_Wait" time="15.444" classname="pages.wait_Time"/>
</testsuite> <!-- pages.wait_Time -->
