<?xml version="1.0" encoding="UTF-8"?>
<!-- Generated by org.testng.reporters.JUnitReportReporter -->
<testsuite skipped="0" hostname="BusyBee2020" name="pages.UploadFile_SendKeys" tests="1" failures="0" timestamp="22 Jan 2020 14:44:58 GMT" time="184.617" errors="0">
  <testcase name="upload" time="184.617" classname="pages.UploadFile_SendKeys"/>
</testsuite> <!-- pages.UploadFile_SendKeys -->
