<?xml version="1.0" encoding="UTF-8"?>
<!-- Generated by org.testng.reporters.JUnitReportReporter -->
<testsuite skipped="0" hostname="BusyBee2020" name="pages.ConsolidatedReport" tests="1" failures="0" timestamp="15 Jan 2020 12:05:56 GMT" time="0.000" errors="0">
  <testcase name="testExecution" time="0.000" classname="pages.ConsolidatedReport"/>
</testsuite> <!-- pages.ConsolidatedReport -->
