<?xml version="1.0" encoding="UTF-8"?>
<!-- Generated by org.testng.reporters.JUnitReportReporter -->
<testsuite skipped="0" hostname="BusyBee2020" name="pages.Login" tests="1" failures="0" timestamp="14 Jan 2020 21:07:00 GMT" time="267.862" errors="0">
  <testcase name="testExecution" time="267.862" classname="pages.Login"/>
</testsuite> <!-- pages.Login -->
