<?xml version="1.0" encoding="UTF-8"?>
<!-- Generated by org.testng.reporters.JUnitReportReporter -->
<testsuite skipped="0" hostname="BusyBee2020" name="pages.UploadDownload" tests="1" failures="0" timestamp="22 Jan 2020 08:41:23 GMT" time="210.221" errors="0">
  <testcase name="upload" time="210.221" classname="pages.UploadDownload"/>
</testsuite> <!-- pages.UploadDownload -->
