<?xml version="1.0" encoding="UTF-8"?>
<!-- Generated by org.testng.reporters.JUnitReportReporter -->
<testsuite skipped="0" hostname="BusyBee2020" name="pages.SeleniumGrid" tests="1" failures="0" timestamp="29 Jan 2020 12:09:29 GMT" time="10.817" errors="0">
  <testcase name="gridSelenium" time="10.817" classname="pages.SeleniumGrid"/>
</testsuite> <!-- pages.SeleniumGrid -->
