<?xml version="1.0" encoding="UTF-8"?>
<!-- Generated by org.testng.reporters.JUnitReportReporter -->
<testsuite skipped="0" hostname="BusyBee2020" name="pages.Registration" tests="1" failures="0" timestamp="14 Jan 2020 21:06:58 GMT" time="458.811" errors="0">
  <testcase name="testExecute" time="458.811" classname="pages.Registration"/>
</testsuite> <!-- pages.Registration -->
