<?xml version="1.0" encoding="UTF-8"?>
<!-- Generated by org.testng.reporters.JUnitReportReporter -->
<testsuite skipped="0" hostname="BusyBee2020" name="pages.DataDriven_Example" tests="3" failures="0" timestamp="18 Jan 2020 09:22:59 GMT" time="0.000" errors="0">
  <testcase name="f" time="0.000" classname="pages.DataDriven_Example"/>
  <testcase name="f" time="0.000" classname="pages.DataDriven_Example"/>
  <testcase name="f" time="0.000" classname="pages.DataDriven_Example"/>
</testsuite> <!-- pages.DataDriven_Example -->
