<?xml version="1.0" encoding="UTF-8"?>
<!-- Generated by org.testng.reporters.JUnitReportReporter -->
<testsuite skipped="0" hostname="BusyBee2020" name="parallel_test.Test1" tests="1" failures="0" timestamp="05 May 2020 17:11:26 GMT" time="70.016" errors="0">
  <testcase name="testExecute" time="70.016" classname="parallel_test.Test1"/>
</testsuite> <!-- parallel_test.Test1 -->
