<?xml version="1.0" encoding="UTF-8"?>
<!-- Generated by org.testng.reporters.JUnitReportReporter -->
<testsuite skipped="0" hostname="BusyBee2020" name="parallel_test.TestScript2" tests="1" failures="0" timestamp="30 Jan 2020 19:00:11 GMT" time="132.015" errors="0">
  <testcase name="testExecute" time="132.015" classname="parallel_test.TestScript2"/>
</testsuite> <!-- parallel_test.TestScript2 -->
