<?xml version="1.0" encoding="UTF-8"?>
<!-- Generated by org.testng.reporters.JUnitReportReporter -->
<testsuite skipped="0" hostname="BusyBee2020" name="pages.DownloadFile_customizeBrowser" tests="1" failures="0" timestamp="22 Jan 2020 16:30:32 GMT" time="104.563" errors="0">
  <testcase name="downloadFiles" time="104.563" classname="pages.DownloadFile_customizeBrowser"/>
</testsuite> <!-- pages.DownloadFile_customizeBrowser -->
