<?xml version="1.0" encoding="UTF-8"?>
<!-- Generated by org.testng.reporters.JUnitReportReporter -->
<testsuite skipped="0" hostname="BusyBee2020" name="pages.RobotClass" tests="1" failures="0" timestamp="26 Jan 2020 09:11:18 GMT" time="35.445" errors="0">
  <testcase name="robot_WindowsAction" time="35.445" classname="pages.RobotClass"/>
</testsuite> <!-- pages.RobotClass -->
