<?xml version="1.0" encoding="UTF-8"?>
<!-- Generated by org.testng.reporters.JUnitReportReporter -->
<testsuite skipped="0" hostname="BusyBee2020" name="pages.AllInOne" tests="1" failures="0" timestamp="06 Jan 2020 13:29:43 GMT" time="0.108" errors="0">
  <testcase name="executeTestCases" time="0.108" classname="pages.AllInOne"/>
</testsuite> <!-- pages.AllInOne -->
