<?xml version="1.0" encoding="UTF-8"?>
<!-- Generated by org.testng.reporters.JUnitReportReporter -->
<testsuite skipped="0" hostname="BusyBee2020" name="bdd_cucumber.CucumberTest" tests="1" failures="0" timestamp="01 Jun 2020 18:30:09 GMT" time="158.575" errors="0">
  <testcase name="test" time="158.575" classname="bdd_cucumber.CucumberTest"/>
</testsuite> <!-- bdd_cucumber.CucumberTest -->
