<?xml version="1.0" encoding="UTF-8"?>
<!-- Generated by org.testng.reporters.JUnitReportReporter -->
<testsuite skipped="0" hostname="BusyBee2020" name="pages.DragDrop_Event" tests="1" failures="0" timestamp="24 Jan 2020 19:15:22 GMT" time="127.021" errors="0">
  <testcase name="mouse" time="127.021" classname="pages.DragDrop_Event"/>
</testsuite> <!-- pages.DragDrop_Event -->
