<?xml version="1.0" encoding="UTF-8"?>
<!-- Generated by org.testng.reporters.JUnitReportReporter -->
<testsuite skipped="0" hostname="BusyBee2020" name="pages.Sikuli_Upload" tests="1" failures="0" timestamp="22 Jan 2020 13:48:00 GMT" time="73.188" errors="0">
  <testcase name="fileUpload" time="73.188" classname="pages.Sikuli_Upload"/>
</testsuite> <!-- pages.Sikuli_Upload -->
