<?xml version="1.0" encoding="UTF-8"?>
<!-- Generated by org.testng.reporters.JUnitReportReporter -->
<testsuite skipped="0" hostname="BusyBee2020" name="parallel_test.TestScript1_DD" tests="2" failures="0" timestamp="30 Jan 2020 19:00:11 GMT" time="175.739" errors="0">
  <testcase name="testExecution" time="147.544" classname="parallel_test.TestScript1_DD"/>
  <testcase name="testExecution" time="28.195" classname="parallel_test.TestScript1_DD"/>
</testsuite> <!-- parallel_test.TestScript1_DD -->
