<?xml version="1.0" encoding="UTF-8"?>
<!-- Generated by org.testng.reporters.JUnitReportReporter -->
<testsuite skipped="0" hostname="BusyBee2020" name="parallel_test.Test1" tests="1" failures="0" timestamp="28 Jan 2020 19:24:33 GMT" time="20.183" errors="0">
  <testcase name="testExecute" time="20.183" classname="parallel_test.Test1"/>
</testsuite> <!-- parallel_test.Test1 -->
