<?xml version="1.0" encoding="UTF-8"?>
<!-- Generated by org.testng.reporters.JUnitReportReporter -->
<testsuite skipped="0" hostname="BusyBee2020" name="pages.FlightBooking_DD" tests="2" failures="0" timestamp="20 Jan 2020 08:24:30 GMT" time="451.521" errors="0">
  <testcase name="testExecution" time="257.558" classname="pages.FlightBooking_DD"/>
  <testcase name="testExecution" time="193.963" classname="pages.FlightBooking_DD"/>
</testsuite> <!-- pages.FlightBooking_DD -->
