<?xml version="1.0" encoding="UTF-8"?>
<!-- Generated by org.testng.reporters.JUnitReportReporter -->
<testsuite skipped="0" hostname="BusyBee2020" name="parallel_test.FinalReport" tests="1" failures="0" timestamp="30 Jan 2020 19:00:11 GMT" time="0.335" errors="0">
  <testcase name="FinalReport_Generator" time="0.335" classname="parallel_test.FinalReport"/>
</testsuite> <!-- parallel_test.FinalReport -->
