<?xml version="1.0" encoding="UTF-8"?>
<!-- Generated by org.testng.reporters.JUnitReportReporter -->
<testsuite skipped="0" hostname="BusyBee2020" name="pages.MouseEvents" tests="1" failures="0" timestamp="24 Jan 2020 16:52:42 GMT" time="47.035" errors="0">
  <testcase name="mouse" time="47.035" classname="pages.MouseEvents"/>
</testsuite> <!-- pages.MouseEvents -->
