<?xml version="1.0" encoding="UTF-8"?>
<!-- Generated by org.testng.reporters.JUnitReportReporter -->
<testsuite skipped="0" hostname="BusyBee2020" name="pages.NewTest" tests="1" failures="0" timestamp="02 Jan 2020 00:36:39 GMT" time="0.004" errors="0">
  <testcase name="f" time="0.004" classname="pages.NewTest"/>
</testsuite> <!-- pages.NewTest -->
