<?xml version="1.0" encoding="UTF-8"?>
<!-- Generated by org.testng.reporters.JUnitReportReporter -->
<testsuite skipped="1" hostname="BusyBee2020" name="pages.Registration" tests="1" failures="0" timestamp="03 Jan 2020 19:25:17 GMT" time="0.000" errors="0">
  <testcase name="f" time="0.000" classname="pages.Registration">
    <skipped/>
  </testcase> <!-- f -->
</testsuite> <!-- pages.Registration -->
