<?xml version="1.0" encoding="UTF-8"?>
<!-- Generated by org.testng.reporters.JUnitReportReporter -->
<testsuite hostname="BusyBee2020" name="org.cucumber.tests.OpenMRSTests" tests="1" failures="0" timestamp="10 Feb 2020 21:28:51 GMT" time="6.921" errors="0">
  <testcase name="login" time="6.921" classname="org.cucumber.tests.OpenMRSTests"/>
</testsuite> <!-- org.cucumber.tests.OpenMRSTests -->
